# JRE version: Java(TM) SE Runtime Environment (8.0_112-b15) (build 1.8.0_112-b15)
# Java VM: Java HotSpot(TM) 64-Bit Server VM (25.112-b15 mixed mode windows-amd64 compressed oops)
Heap:
 PSYoungGen      total 56832K, used 4265K [0x00000007bc400000, 0x00000007c0000000, 0x00000007c0000000)
  eden space 52224K, 3% used [0x00000007bc400000,0x00000007bc608370,0x00000007bf700000)
  from space 4608K, 47% used [0x00000007bfb80000,0x00000007bfda23a0,0x00000007c0000000)
  to   space 4608K, 0% used [0x00000007bf700000,0x00000007bf700000,0x00000007bfb80000)
 ParOldGen       total 173568K, used 51592K [0x0000000700000000, 0x000000070a980000, 0x00000007bc400000)
  object space 173568K, 29% used [0x0000000700000000,0x00000007032621a0,0x000000070a980000)
 Metaspace       used 69365K, capacity 70031K, committed 70656K, reserved 1110016K
  class space    used 9535K, capacity 9696K, committed 9728K, reserved 1048576K
GC Heap History (10 events):
Event: 1245.234 GC heap before
{Heap before GC invocations=430 (full 170):
 PSYoungGen      total 55296K, used 50568K [0x00000007bc400000, 0x00000007c0000000, 0x00000007c0000000)
  eden space 49152K, 100% used [0x00000007bc400000,0x00000007bf400000,0x00000007bf400000)
  from space 6144K, 23% used [0x00000007bf400000,0x00000007bf5623a0,0x00000007bfa00000)
  to   space 5632K, 0% used [0x00000007bfa80000,0x00000007bfa80000,0x00000007c0000000)
 ParOldGen       total 173568K, used 51576K [0x0000000700000000, 0x000000070a980000, 0x00000007bc400000)
  object space 173568K, 29% used [0x0000000700000000,0x000000070325e1a0,0x000000070a980000)
 Metaspace       used 69231K, capacity 69865K, committed 70656K, reserved 1110016K
  class space    used 9531K, capacity 9663K, committed 9728K, reserved 1048576K
Event: 1245.238 GC heap after
Heap after GC invocations=430 (full 170):
 PSYoungGen      total 56320K, used 1768K [0x00000007bc400000, 0x00000007c0000000, 0x00000007c0000000)
  eden space 50688K, 0% used [0x00000007bc400000,0x00000007bc400000,0x00000007bf580000)
  from space 5632K, 31% used [0x00000007bfa80000,0x00000007bfc3a3a0,0x00000007c0000000)
  to   space 5120K, 0% used [0x00000007bf580000,0x00000007bf580000,0x00000007bfa80000)
 ParOldGen       total 173568K, used 51576K [0x0000000700000000, 0x000000070a980000, 0x00000007bc400000)
  object space 173568K, 29% used [0x0000000700000000,0x000000070325e1a0,0x000000070a980000)
 Metaspace       used 69231K, capacity 69865K, committed 70656K, reserved 1110016K
  class space    used 9531K, capacity 9663K, committed 9728K, reserved 1048576K
}
Event: 1263.982 GC heap before
{Heap before GC invocations=431 (full 170):
 PSYoungGen      total 56320K, used 52456K [0x00000007bc400000, 0x00000007c0000000, 0x00000007c0000000)
  eden space 50688K, 100% used [0x00000007bc400000,0x00000007bf580000,0x00000007bf580000)
  from space 5632K, 31% used [0x00000007bfa80000,0x00000007bfc3a3a0,0x00000007c0000000)
  to   space 5120K, 0% used [0x00000007bf580000,0x00000007bf580000,0x00000007bfa80000)
 ParOldGen       total 173568K, used 51576K [0x0000000700000000, 0x000000070a980000, 0x00000007bc400000)
  object space 173568K, 29% used [0x0000000700000000,0x000000070325e1a0,0x000000070a980000)
 Metaspace       used 69293K, capacity 69961K, committed 70656K, reserved 1110016K
  class space    used 9534K, capacity 9695K, committed 9728K, reserved 1048576K
Event: 1263.986 GC heap after
Heap after GC invocations=431 (full 170):
 PSYoungGen      total 55808K, used 1896K [0x00000007bc400000, 0x00000007c0000000, 0x00000007c0000000)
  eden space 50688K, 0% used [0x00000007bc400000,0x00000007bc400000,0x00000007bf580000)
  from space 5120K, 37% used [0x00000007bf580000,0x00000007bf75a3a0,0x00000007bfa80000)
  to   space 5120K, 0% used [0x00000007bfb00000,0x00000007bfb00000,0x00000007c0000000)
 ParOldGen       total 173568K, used 51584K [0x0000000700000000, 0x000000070a980000, 0x00000007bc400000)
  object space 173568K, 29% used [0x0000000700000000,0x00000007032601a0,0x000000070a980000)
 Metaspace       used 69293K, capacity 69961K, committed 70656K, reserved 1110016K
  class space    used 9534K, capacity 9695K, committed 9728K, reserved 1048576K
}
Event: 1291.963 GC heap before
{Heap before GC invocations=432 (full 170):
 PSYoungGen      total 55808K, used 52584K [0x00000007bc400000, 0x00000007c0000000, 0x00000007c0000000)
  eden space 50688K, 100% used [0x00000007bc400000,0x00000007bf580000,0x00000007bf580000)
  from space 5120K, 37% used [0x00000007bf580000,0x00000007bf75a3a0,0x00000007bfa80000)
  to   space 5120K, 0% used [0x00000007bfb00000,0x00000007bfb00000,0x00000007c0000000)
 ParOldGen       total 173568K, used 51584K [0x0000000700000000, 0x000000070a980000, 0x00000007bc400000)
  object space 173568K, 29% used [0x0000000700000000,0x00000007032601a0,0x000000070a980000)
 Metaspace       used 69319K, capacity 70031K, committed 70656K, reserved 1110016K
  class space    used 9535K, capacity 9696K, committed 9728K, reserved 1048576K
Event: 1291.967 GC heap after
Heap after GC invocations=432 (full 170):
 PSYoungGen      total 56832K, used 2056K [0x00000007bc400000, 0x00000007c0000000, 0x00000007c0000000)
  eden space 51712K, 0% used [0x00000007bc400000,0x00000007bc400000,0x00000007bf680000)
  from space 5120K, 40% used [0x00000007bfb00000,0x00000007bfd023a0,0x00000007c0000000)
  to   space 4608K, 0% used [0x00000007bf680000,0x00000007bf680000,0x00000007bfb00000)
 ParOldGen       total 173568K, used 51584K [0x0000000700000000, 0x000000070a980000, 0x00000007bc400000)
  object space 173568K, 29% used [0x0000000700000000,0x00000007032601a0,0x000000070a980000)
 Metaspace       used 69319K, capacity 70031K, committed 70656K, reserved 1110016K
  class space    used 9535K, capacity 9696K, committed 9728K, reserved 1048576K
}
Event: 1308.703 GC heap before
{Heap before GC invocations=433 (full 170):
 PSYoungGen      total 56832K, used 53768K [0x00000007bc400000, 0x00000007c0000000, 0x00000007c0000000)
  eden space 51712K, 100% used [0x00000007bc400000,0x00000007bf680000,0x00000007bf680000)
  from space 5120K, 40% used [0x00000007bfb00000,0x00000007bfd023a0,0x00000007c0000000)
  to   space 4608K, 0% used [0x00000007bf680000,0x00000007bf680000,0x00000007bfb00000)
 ParOldGen       total 173568K, used 51584K [0x0000000700000000, 0x000000070a980000, 0x00000007bc400000)
  object space 173568K, 29% used [0x0000000700000000,0x00000007032601a0,0x000000070a980000)
 Metaspace       used 69346K, capacity 70031K, committed 70656K, reserved 1110016K
  class space    used 9535K, capacity 9696K, committed 9728K, reserved 1048576K
Event: 1308.711 GC heap after
Heap after GC invocations=433 (full 170):
 PSYoungGen      total 56320K, used 2088K [0x00000007bc400000, 0x00000007c0000000, 0x00000007c0000000)
  eden space 51712K, 0% used [0x00000007bc400000,0x00000007bc400000,0x00000007bf680000)
  from space 4608K, 45% used [0x00000007bf680000,0x00000007bf88a3a0,0x00000007bfb00000)
  to   space 4608K, 0% used [0x00000007bfb80000,0x00000007bfb80000,0x00000007c0000000)
 ParOldGen       total 173568K, used 51592K [0x0000000700000000, 0x000000070a980000, 0x00000007bc400000)
  object space 173568K, 29% used [0x0000000700000000,0x00000007032621a0,0x000000070a980000)
 Metaspace       used 69346K, capacity 70031K, committed 70656K, reserved 1110016K
  class space    used 9535K, capacity 9696K, committed 9728K, reserved 1048576K
}
Event: 1311.913 GC heap before
{Heap before GC invocations=434 (full 170):
 PSYoungGen      total 56320K, used 53800K [0x00000007bc400000, 0x00000007c0000000, 0x00000007c0000000)
  eden space 51712K, 100% used [0x00000007bc400000,0x00000007bf680000,0x00000007bf680000)
  from space 4608K, 45% used [0x00000007bf680000,0x00000007bf88a3a0,0x00000007bfb00000)
  to   space 4608K, 0% used [0x00000007bfb80000,0x00000007bfb80000,0x00000007c0000000)
 ParOldGen       total 173568K, used 51592K [0x0000000700000000, 0x000000070a980000, 0x00000007bc400000)
  object space 173568K, 29% used [0x0000000700000000,0x00000007032621a0,0x000000070a980000)
 Metaspace       used 69365K, capacity 70031K, committed 70656K, reserved 1110016K
  class space    used 9535K, capacity 9696K, committed 9728K, reserved 1048576K
Event: 1311.917 GC heap after
Heap after GC invocations=434 (full 170):
 PSYoungGen      total 56832K, used 2184K [0x00000007bc400000, 0x00000007c0000000, 0x00000007c0000000)
  eden space 52224K, 0% used [0x00000007bc400000,0x00000007bc400000,0x00000007bf700000)
  from space 4608K, 47% used [0x00000007bfb80000,0x00000007bfda23a0,0x00000007c0000000)
  to   space 4608K, 0% used [0x00000007bf700000,0x00000007bf700000,0x00000007bfb80000)
 ParOldGen       total 173568K, used 51592K [0x0000000700000000, 0x000000070a980000, 0x00000007bc400000)
  object space 173568K, 29% used [0x0000000700000000,0x00000007032621a0,0x000000070a980000)
 Metaspace       used 69365K, capacity 70031K, committed 70656K, reserved 1110016K
  class space    used 9535K, capacity 9696K, committed 9728K, reserved 1048576K
}

