# JRE version: Java(TM) SE Runtime Environment (8.0_112-b15) (build 1.8.0_112-b15)
# Java VM: Java HotSpot(TM) 64-Bit Server VM (25.112-b15 mixed mode windows-amd64 compressed oops)
Heap:
 PSYoungGen      total 60416K, used 23787K [0x00000007bc400000, 0x00000007c0000000, 0x00000007c0000000)
  eden space 59392K, 40% used [0x00000007bc400000,0x00000007bdb3af08,0x00000007bfe00000)
  from space 1024K, 0% used [0x00000007bff00000,0x00000007bff00000,0x00000007c0000000)
  to   space 1024K, 0% used [0x00000007bfe00000,0x00000007bfe00000,0x00000007bff00000)
 ParOldGen       total 111616K, used 71981K [0x0000000700000000, 0x0000000706d00000, 0x00000007bc400000)
  object space 111616K, 64% used [0x0000000700000000,0x000000070464b458,0x0000000706d00000)
 Metaspace       used 75131K, capacity 75997K, committed 76544K, reserved 1116160K
  class space    used 10259K, capacity 10423K, committed 10496K, reserved 1048576K
GC Heap History (10 events):
Event: 10515.557 GC heap before
{Heap before GC invocations=3843 (full 1682):
 PSYoungGen      total 60416K, used 60096K [0x00000007bc400000, 0x00000007c0000000, 0x00000007c0000000)
  eden space 59392K, 100% used [0x00000007bc400000,0x00000007bfe00000,0x00000007bfe00000)
  from space 1024K, 68% used [0x00000007bff00000,0x00000007bffb0000,0x00000007c0000000)
  to   space 1024K, 0% used [0x00000007bfe00000,0x00000007bfe00000,0x00000007bff00000)
 ParOldGen       total 111616K, used 77308K [0x0000000700000000, 0x0000000706d00000, 0x00000007bc400000)
  object space 111616K, 69% used [0x0000000700000000,0x0000000704b7f0b8,0x0000000706d00000)
 Metaspace       used 75092K, capacity 75917K, committed 76544K, reserved 1116160K
  class space    used 10254K, capacity 10419K, committed 10496K, reserved 1048576K
Event: 10515.559 GC heap after
Heap after GC invocations=3843 (full 1682):
 PSYoungGen      total 60416K, used 544K [0x00000007bc400000, 0x00000007c0000000, 0x00000007c0000000)
  eden space 59392K, 0% used [0x00000007bc400000,0x00000007bc400000,0x00000007bfe00000)
  from space 1024K, 53% used [0x00000007bfe00000,0x00000007bfe88000,0x00000007bff00000)
  to   space 1024K, 0% used [0x00000007bff00000,0x00000007bff00000,0x00000007c0000000)
 ParOldGen       total 111616K, used 77308K [0x0000000700000000, 0x0000000706d00000, 0x00000007bc400000)
  object space 111616K, 69% used [0x0000000700000000,0x0000000704b7f0b8,0x0000000706d00000)
 Metaspace       used 75092K, capacity 75917K, committed 76544K, reserved 1116160K
  class space    used 10254K, capacity 10419K, committed 10496K, reserved 1048576K
}
Event: 10517.394 GC heap before
{Heap before GC invocations=3844 (full 1682):
 PSYoungGen      total 60416K, used 59936K [0x00000007bc400000, 0x00000007c0000000, 0x00000007c0000000)
  eden space 59392K, 100% used [0x00000007bc400000,0x00000007bfe00000,0x00000007bfe00000)
  from space 1024K, 53% used [0x00000007bfe00000,0x00000007bfe88000,0x00000007bff00000)
  to   space 1024K, 0% used [0x00000007bff00000,0x00000007bff00000,0x00000007c0000000)
 ParOldGen       total 111616K, used 77308K [0x0000000700000000, 0x0000000706d00000, 0x00000007bc400000)
  object space 111616K, 69% used [0x0000000700000000,0x0000000704b7f0b8,0x0000000706d00000)
 Metaspace       used 75097K, capacity 75917K, committed 76544K, reserved 1116160K
  class space    used 10254K, capacity 10419K, committed 10496K, reserved 1048576K
Event: 10517.397 GC heap after
Heap after GC invocations=3844 (full 1682):
 PSYoungGen      total 60416K, used 512K [0x00000007bc400000, 0x00000007c0000000, 0x00000007c0000000)
  eden space 59392K, 0% used [0x00000007bc400000,0x00000007bc400000,0x00000007bfe00000)
  from space 1024K, 50% used [0x00000007bff00000,0x00000007bff80000,0x00000007c0000000)
  to   space 1024K, 0% used [0x00000007bfe00000,0x00000007bfe00000,0x00000007bff00000)
 ParOldGen       total 111616K, used 77308K [0x0000000700000000, 0x0000000706d00000, 0x00000007bc400000)
  object space 111616K, 69% used [0x0000000700000000,0x0000000704b7f0b8,0x0000000706d00000)
 Metaspace       used 75097K, capacity 75917K, committed 76544K, reserved 1116160K
  class space    used 10254K, capacity 10419K, committed 10496K, reserved 1048576K
}
Event: 10519.442 GC heap before
{Heap before GC invocations=3845 (full 1682):
 PSYoungGen      total 60416K, used 59904K [0x00000007bc400000, 0x00000007c0000000, 0x00000007c0000000)
  eden space 59392K, 100% used [0x00000007bc400000,0x00000007bfe00000,0x00000007bfe00000)
  from space 1024K, 50% used [0x00000007bff00000,0x00000007bff80000,0x00000007c0000000)
  to   space 1024K, 0% used [0x00000007bfe00000,0x00000007bfe00000,0x00000007bff00000)
 ParOldGen       total 111616K, used 77308K [0x0000000700000000, 0x0000000706d00000, 0x00000007bc400000)
  object space 111616K, 69% used [0x0000000700000000,0x0000000704b7f0b8,0x0000000706d00000)
 Metaspace       used 75122K, capacity 75933K, committed 76544K, reserved 1116160K
  class space    used 10259K, capacity 10423K, committed 10496K, reserved 1048576K
Event: 10519.445 GC heap after
Heap after GC invocations=3845 (full 1682):
 PSYoungGen      total 60416K, used 608K [0x00000007bc400000, 0x00000007c0000000, 0x00000007c0000000)
  eden space 59392K, 0% used [0x00000007bc400000,0x00000007bc400000,0x00000007bfe00000)
  from space 1024K, 59% used [0x00000007bfe00000,0x00000007bfe98000,0x00000007bff00000)
  to   space 1024K, 0% used [0x00000007bff00000,0x00000007bff00000,0x00000007c0000000)
 ParOldGen       total 111616K, used 77308K [0x0000000700000000, 0x0000000706d00000, 0x00000007bc400000)
  object space 111616K, 69% used [0x0000000700000000,0x0000000704b7f0b8,0x0000000706d00000)
 Metaspace       used 75122K, capacity 75933K, committed 76544K, reserved 1116160K
  class space    used 10259K, capacity 10423K, committed 10496K, reserved 1048576K
}
Event: 10520.348 GC heap before
{Heap before GC invocations=3846 (full 1682):
 PSYoungGen      total 60416K, used 33540K [0x00000007bc400000, 0x00000007c0000000, 0x00000007c0000000)
  eden space 59392K, 55% used [0x00000007bc400000,0x00000007be4292f0,0x00000007bfe00000)
  from space 1024K, 59% used [0x00000007bfe00000,0x00000007bfe98000,0x00000007bff00000)
  to   space 1024K, 0% used [0x00000007bff00000,0x00000007bff00000,0x00000007c0000000)
 ParOldGen       total 111616K, used 77308K [0x0000000700000000, 0x0000000706d00000, 0x00000007bc400000)
  object space 111616K, 69% used [0x0000000700000000,0x0000000704b7f0b8,0x0000000706d00000)
 Metaspace       used 75129K, capacity 75997K, committed 76544K, reserved 1116160K
  class space    used 10259K, capacity 10423K, committed 10496K, reserved 1048576K
Event: 10520.352 GC heap after
Heap after GC invocations=3846 (full 1682):
 PSYoungGen      total 60416K, used 736K [0x00000007bc400000, 0x00000007c0000000, 0x00000007c0000000)
  eden space 59392K, 0% used [0x00000007bc400000,0x00000007bc400000,0x00000007bfe00000)
  from space 1024K, 71% used [0x00000007bff00000,0x00000007bffb8000,0x00000007c0000000)
  to   space 1024K, 0% used [0x00000007bfe00000,0x00000007bfe00000,0x00000007bff00000)
 ParOldGen       total 111616K, used 77316K [0x0000000700000000, 0x0000000706d00000, 0x00000007bc400000)
  object space 111616K, 69% used [0x0000000700000000,0x0000000704b810b8,0x0000000706d00000)
 Metaspace       used 75129K, capacity 75997K, committed 76544K, reserved 1116160K
  class space    used 10259K, capacity 10423K, committed 10496K, reserved 1048576K
}
Event: 10520.352 GC heap before
{Heap before GC invocations=3847 (full 1683):
 PSYoungGen      total 60416K, used 736K [0x00000007bc400000, 0x00000007c0000000, 0x00000007c0000000)
  eden space 59392K, 0% used [0x00000007bc400000,0x00000007bc400000,0x00000007bfe00000)
  from space 1024K, 71% used [0x00000007bff00000,0x00000007bffb8000,0x00000007c0000000)
  to   space 1024K, 0% used [0x00000007bfe00000,0x00000007bfe00000,0x00000007bff00000)
 ParOldGen       total 111616K, used 77316K [0x0000000700000000, 0x0000000706d00000, 0x00000007bc400000)
  object space 111616K, 69% used [0x0000000700000000,0x0000000704b810b8,0x0000000706d00000)
 Metaspace       used 75129K, capacity 75997K, committed 76544K, reserved 1116160K
  class space    used 10259K, capacity 10423K, committed 10496K, reserved 1048576K
Event: 10520.632 GC heap after
Heap after GC invocations=3847 (full 1683):
 PSYoungGen      total 60416K, used 0K [0x00000007bc400000, 0x00000007c0000000, 0x00000007c0000000)
  eden space 59392K, 0% used [0x00000007bc400000,0x00000007bc400000,0x00000007bfe00000)
  from space 1024K, 0% used [0x00000007bff00000,0x00000007bff00000,0x00000007c0000000)
  to   space 1024K, 0% used [0x00000007bfe00000,0x00000007bfe00000,0x00000007bff00000)
 ParOldGen       total 111616K, used 71981K [0x0000000700000000, 0x0000000706d00000, 0x00000007bc400000)
  object space 111616K, 64% used [0x0000000700000000,0x000000070464b458,0x0000000706d00000)
 Metaspace       used 75129K, capacity 75997K, committed 76544K, reserved 1116160K
  class space    used 10259K, capacity 10423K, committed 10496K, reserved 1048576K
}

