# JRE version: Java(TM) SE Runtime Environment (8.0_112-b15) (build 1.8.0_112-b15)
# Java VM: Java HotSpot(TM) 64-Bit Server VM (25.112-b15 mixed mode windows-amd64 compressed oops)
Heap:
 PSYoungGen      total 51200K, used 33816K [0x00000007bc400000, 0x00000007c0000000, 0x00000007c0000000)
  eden space 46080K, 62% used [0x00000007bc400000,0x00000007be03ee48,0x00000007bf100000)
  from space 5120K, 95% used [0x00000007bf100000,0x00000007bf5c7230,0x00000007bf600000)
  to   space 8192K, 0% used [0x00000007bf800000,0x00000007bf800000,0x00000007c0000000)
 ParOldGen       total 169984K, used 52423K [0x0000000700000000, 0x000000070a600000, 0x00000007bc400000)
  object space 169984K, 30% used [0x0000000700000000,0x0000000703331d80,0x000000070a600000)
 Metaspace       used 70304K, capacity 70949K, committed 71680K, reserved 1112064K
  class space    used 9579K, capacity 9701K, committed 9728K, reserved 1048576K
GC Heap History (10 events):
Event: 1144.550 GC heap before
{Heap before GC invocations=430 (full 143):
 PSYoungGen      total 52736K, used 43936K [0x00000007bc400000, 0x00000007c0000000, 0x00000007c0000000)
  eden space 43520K, 100% used [0x00000007bc400000,0x00000007bee80000,0x00000007bee80000)
  from space 9216K, 4% used [0x00000007bf700000,0x00000007bf768000,0x00000007c0000000)
  to   space 8704K, 0% used [0x00000007bee80000,0x00000007bee80000,0x00000007bf700000)
 ParOldGen       total 169984K, used 52423K [0x0000000700000000, 0x000000070a600000, 0x00000007bc400000)
  object space 169984K, 30% used [0x0000000700000000,0x0000000703331d80,0x000000070a600000)
 Metaspace       used 70244K, capacity 70885K, committed 71424K, reserved 1112064K
  class space    used 9578K, capacity 9701K, committed 9728K, reserved 1048576K
Event: 1144.554 GC heap after
Heap after GC invocations=430 (full 143):
 PSYoungGen      total 52224K, used 608K [0x00000007bc400000, 0x00000007c0000000, 0x00000007c0000000)
  eden space 43520K, 0% used [0x00000007bc400000,0x00000007bc400000,0x00000007bee80000)
  from space 8704K, 6% used [0x00000007bee80000,0x00000007bef18000,0x00000007bf700000)
  to   space 8704K, 0% used [0x00000007bf780000,0x00000007bf780000,0x00000007c0000000)
 ParOldGen       total 169984K, used 52423K [0x0000000700000000, 0x000000070a600000, 0x00000007bc400000)
  object space 169984K, 30% used [0x0000000700000000,0x0000000703331d80,0x000000070a600000)
 Metaspace       used 70244K, capacity 70885K, committed 71424K, reserved 1112064K
  class space    used 9578K, capacity 9701K, committed 9728K, reserved 1048576K
}
Event: 1146.256 GC heap before
{Heap before GC invocations=431 (full 143):
 PSYoungGen      total 52224K, used 44128K [0x00000007bc400000, 0x00000007c0000000, 0x00000007c0000000)
  eden space 43520K, 100% used [0x00000007bc400000,0x00000007bee80000,0x00000007bee80000)
  from space 8704K, 6% used [0x00000007bee80000,0x00000007bef18000,0x00000007bf700000)
  to   space 8704K, 0% used [0x00000007bf780000,0x00000007bf780000,0x00000007c0000000)
 ParOldGen       total 169984K, used 52423K [0x0000000700000000, 0x000000070a600000, 0x00000007bc400000)
  object space 169984K, 30% used [0x0000000700000000,0x0000000703331d80,0x000000070a600000)
 Metaspace       used 70248K, capacity 70885K, committed 71424K, reserved 1112064K
  class space    used 9578K, capacity 9701K, committed 9728K, reserved 1048576K
Event: 1146.259 GC heap after
Heap after GC invocations=431 (full 143):
 PSYoungGen      total 53248K, used 672K [0x00000007bc400000, 0x00000007c0000000, 0x00000007c0000000)
  eden space 44544K, 0% used [0x00000007bc400000,0x00000007bc400000,0x00000007bef80000)
  from space 8704K, 7% used [0x00000007bf780000,0x00000007bf828000,0x00000007c0000000)
  to   space 8192K, 0% used [0x00000007bef80000,0x00000007bef80000,0x00000007bf780000)
 ParOldGen       total 169984K, used 52423K [0x0000000700000000, 0x000000070a600000, 0x00000007bc400000)
  object space 169984K, 30% used [0x0000000700000000,0x0000000703331d80,0x000000070a600000)
 Metaspace       used 70248K, capacity 70885K, committed 71424K, reserved 1112064K
  class space    used 9578K, capacity 9701K, committed 9728K, reserved 1048576K
}
Event: 1149.371 GC heap before
{Heap before GC invocations=432 (full 143):
 PSYoungGen      total 53248K, used 45216K [0x00000007bc400000, 0x00000007c0000000, 0x00000007c0000000)
  eden space 44544K, 100% used [0x00000007bc400000,0x00000007bef80000,0x00000007bef80000)
  from space 8704K, 7% used [0x00000007bf780000,0x00000007bf828000,0x00000007c0000000)
  to   space 8192K, 0% used [0x00000007bef80000,0x00000007bef80000,0x00000007bf780000)
 ParOldGen       total 169984K, used 52423K [0x0000000700000000, 0x000000070a600000, 0x00000007bc400000)
  object space 169984K, 30% used [0x0000000700000000,0x0000000703331d80,0x000000070a600000)
 Metaspace       used 70251K, capacity 70885K, committed 71424K, reserved 1112064K
  class space    used 9578K, capacity 9701K, committed 9728K, reserved 1048576K
Event: 1149.374 GC heap after
Heap after GC invocations=432 (full 143):
 PSYoungGen      total 52736K, used 2689K [0x00000007bc400000, 0x00000007c0000000, 0x00000007c0000000)
  eden space 44544K, 0% used [0x00000007bc400000,0x00000007bc400000,0x00000007bef80000)
  from space 8192K, 32% used [0x00000007bef80000,0x00000007bf220740,0x00000007bf780000)
  to   space 7680K, 0% used [0x00000007bf880000,0x00000007bf880000,0x00000007c0000000)
 ParOldGen       total 169984K, used 52423K [0x0000000700000000, 0x000000070a600000, 0x00000007bc400000)
  object space 169984K, 30% used [0x0000000700000000,0x0000000703331d80,0x000000070a600000)
 Metaspace       used 70251K, capacity 70885K, committed 71424K, reserved 1112064K
  class space    used 9578K, capacity 9701K, committed 9728K, reserved 1048576K
}
Event: 1153.129 GC heap before
{Heap before GC invocations=433 (full 143):
 PSYoungGen      total 52736K, used 47233K [0x00000007bc400000, 0x00000007c0000000, 0x00000007c0000000)
  eden space 44544K, 100% used [0x00000007bc400000,0x00000007bef80000,0x00000007bef80000)
  from space 8192K, 32% used [0x00000007bef80000,0x00000007bf220740,0x00000007bf780000)
  to   space 7680K, 0% used [0x00000007bf880000,0x00000007bf880000,0x00000007c0000000)
 ParOldGen       total 169984K, used 52423K [0x0000000700000000, 0x000000070a600000, 0x00000007bc400000)
  object space 169984K, 30% used [0x0000000700000000,0x0000000703331d80,0x000000070a600000)
 Metaspace       used 70266K, capacity 70885K, committed 71424K, reserved 1112064K
  class space    used 9578K, capacity 9701K, committed 9728K, reserved 1048576K
Event: 1153.132 GC heap after
Heap after GC invocations=433 (full 143):
 PSYoungGen      total 53760K, used 3324K [0x00000007bc400000, 0x00000007c0000000, 0x00000007c0000000)
  eden space 46080K, 0% used [0x00000007bc400000,0x00000007bc400000,0x00000007bf100000)
  from space 7680K, 43% used [0x00000007bf880000,0x00000007bfbbf230,0x00000007c0000000)
  to   space 7680K, 0% used [0x00000007bf100000,0x00000007bf100000,0x00000007bf880000)
 ParOldGen       total 169984K, used 52423K [0x0000000700000000, 0x000000070a600000, 0x00000007bc400000)
  object space 169984K, 30% used [0x0000000700000000,0x0000000703331d80,0x000000070a600000)
 Metaspace       used 70266K, capacity 70885K, committed 71424K, reserved 1112064K
  class space    used 9578K, capacity 9701K, committed 9728K, reserved 1048576K
}
Event: 1155.135 GC heap before
{Heap before GC invocations=434 (full 143):
 PSYoungGen      total 53760K, used 49404K [0x00000007bc400000, 0x00000007c0000000, 0x00000007c0000000)
  eden space 46080K, 100% used [0x00000007bc400000,0x00000007bf100000,0x00000007bf100000)
  from space 7680K, 43% used [0x00000007bf880000,0x00000007bfbbf230,0x00000007c0000000)
  to   space 7680K, 0% used [0x00000007bf100000,0x00000007bf100000,0x00000007bf880000)
 ParOldGen       total 169984K, used 52423K [0x0000000700000000, 0x000000070a600000, 0x00000007bc400000)
  object space 169984K, 30% used [0x0000000700000000,0x0000000703331d80,0x000000070a600000)
 Metaspace       used 70289K, capacity 70949K, committed 71680K, reserved 1112064K
  class space    used 9579K, capacity 9701K, committed 9728K, reserved 1048576K
Event: 1155.140 GC heap after
Heap after GC invocations=434 (full 143):
 PSYoungGen      total 51200K, used 4892K [0x00000007bc400000, 0x00000007c0000000, 0x00000007c0000000)
  eden space 46080K, 0% used [0x00000007bc400000,0x00000007bc400000,0x00000007bf100000)
  from space 5120K, 95% used [0x00000007bf100000,0x00000007bf5c7230,0x00000007bf600000)
  to   space 8192K, 0% used [0x00000007bf800000,0x00000007bf800000,0x00000007c0000000)
 ParOldGen       total 169984K, used 52423K [0x0000000700000000, 0x000000070a600000, 0x00000007bc400000)
  object space 169984K, 30% used [0x0000000700000000,0x0000000703331d80,0x000000070a600000)
 Metaspace       used 70289K, capacity 70949K, committed 71680K, reserved 1112064K
  class space    used 9579K, capacity 9701K, committed 9728K, reserved 1048576K
}

