# JRE version: Java(TM) SE Runtime Environment (8.0_112-b15) (build 1.8.0_112-b15)
# Java VM: Java HotSpot(TM) 64-Bit Server VM (25.112-b15 mixed mode windows-amd64 compressed oops)
Heap:
 PSYoungGen      total 58368K, used 50800K [0x00000007bc400000, 0x00000007c0000000, 0x00000007c0000000)
  eden space 55296K, 90% used [0x00000007bc400000,0x00000007bf5142f0,0x00000007bfa00000)
  from space 3072K, 17% used [0x00000007bfa00000,0x00000007bfa88000,0x00000007bfd00000)
  to   space 2560K, 0% used [0x00000007bfd80000,0x00000007bfd80000,0x00000007c0000000)
 ParOldGen       total 165888K, used 50613K [0x0000000700000000, 0x000000070a200000, 0x00000007bc400000)
  object space 165888K, 30% used [0x0000000700000000,0x000000070316d608,0x000000070a200000)
 Metaspace       used 69594K, capacity 70267K, committed 70912K, reserved 1110016K
  class space    used 9541K, capacity 9666K, committed 9728K, reserved 1048576K
GC Heap History (10 events):
Event: 974.872 GC heap before
{Heap before GC invocations=757 (full 332):
 PSYoungGen      total 57856K, used 256K [0x00000007bc400000, 0x00000007c0000000, 0x00000007c0000000)
  eden space 54272K, 0% used [0x00000007bc400000,0x00000007bc400000,0x00000007bf900000)
  from space 3584K, 7% used [0x00000007bf900000,0x00000007bf940000,0x00000007bfc80000)
  to   space 3072K, 0% used [0x00000007bfd00000,0x00000007bfd00000,0x00000007c0000000)
 ParOldGen       total 165888K, used 50600K [0x0000000700000000, 0x000000070a200000, 0x00000007bc400000)
  object space 165888K, 30% used [0x0000000700000000,0x000000070316a278,0x000000070a200000)
 Metaspace       used 69454K, capacity 70047K, committed 70656K, reserved 1110016K
  class space    used 9532K, capacity 9660K, committed 9728K, reserved 1048576K
Event: 974.935 GC heap after
Heap after GC invocations=757 (full 332):
 PSYoungGen      total 57856K, used 0K [0x00000007bc400000, 0x00000007c0000000, 0x00000007c0000000)
  eden space 54272K, 0% used [0x00000007bc400000,0x00000007bc400000,0x00000007bf900000)
  from space 3584K, 0% used [0x00000007bf900000,0x00000007bf900000,0x00000007bfc80000)
  to   space 3072K, 0% used [0x00000007bfd00000,0x00000007bfd00000,0x00000007c0000000)
 ParOldGen       total 165888K, used 50613K [0x0000000700000000, 0x000000070a200000, 0x00000007bc400000)
  object space 165888K, 30% used [0x0000000700000000,0x000000070316d608,0x000000070a200000)
 Metaspace       used 69454K, capacity 70047K, committed 70656K, reserved 1110016K
  class space    used 9532K, capacity 9660K, committed 9728K, reserved 1048576K
}
Event: 977.056 GC heap before
{Heap before GC invocations=758 (full 332):
 PSYoungGen      total 57856K, used 54272K [0x00000007bc400000, 0x00000007c0000000, 0x00000007c0000000)
  eden space 54272K, 100% used [0x00000007bc400000,0x00000007bf900000,0x00000007bf900000)
  from space 3584K, 0% used [0x00000007bf900000,0x00000007bf900000,0x00000007bfc80000)
  to   space 3072K, 0% used [0x00000007bfd00000,0x00000007bfd00000,0x00000007c0000000)
 ParOldGen       total 165888K, used 50613K [0x0000000700000000, 0x000000070a200000, 0x00000007bc400000)
  object space 165888K, 30% used [0x0000000700000000,0x000000070316d608,0x000000070a200000)
 Metaspace       used 69475K, capacity 70111K, committed 70912K, reserved 1110016K
  class space    used 9532K, capacity 9660K, committed 9728K, reserved 1048576K
Event: 977.059 GC heap after
Heap after GC invocations=758 (full 332):
 PSYoungGen      total 58368K, used 320K [0x00000007bc400000, 0x00000007c0000000, 0x00000007c0000000)
  eden space 55296K, 0% used [0x00000007bc400000,0x00000007bc400000,0x00000007bfa00000)
  from space 3072K, 10% used [0x00000007bfd00000,0x00000007bfd50000,0x00000007c0000000)
  to   space 3072K, 0% used [0x00000007bfa00000,0x00000007bfa00000,0x00000007bfd00000)
 ParOldGen       total 165888K, used 50613K [0x0000000700000000, 0x000000070a200000, 0x00000007bc400000)
  object space 165888K, 30% used [0x0000000700000000,0x000000070316d608,0x000000070a200000)
 Metaspace       used 69475K, capacity 70111K, committed 70912K, reserved 1110016K
  class space    used 9532K, capacity 9660K, committed 9728K, reserved 1048576K
}
Event: 978.377 GC heap before
{Heap before GC invocations=759 (full 332):
 PSYoungGen      total 58368K, used 55616K [0x00000007bc400000, 0x00000007c0000000, 0x00000007c0000000)
  eden space 55296K, 100% used [0x00000007bc400000,0x00000007bfa00000,0x00000007bfa00000)
  from space 3072K, 10% used [0x00000007bfd00000,0x00000007bfd50000,0x00000007c0000000)
  to   space 3072K, 0% used [0x00000007bfa00000,0x00000007bfa00000,0x00000007bfd00000)
 ParOldGen       total 165888K, used 50613K [0x0000000700000000, 0x000000070a200000, 0x00000007bc400000)
  object space 165888K, 30% used [0x0000000700000000,0x000000070316d608,0x000000070a200000)
 Metaspace       used 69494K, capacity 70111K, committed 70912K, reserved 1110016K
  class space    used 9532K, capacity 9660K, committed 9728K, reserved 1048576K
Event: 978.380 GC heap after
Heap after GC invocations=759 (full 332):
 PSYoungGen      total 58368K, used 320K [0x00000007bc400000, 0x00000007c0000000, 0x00000007c0000000)
  eden space 55296K, 0% used [0x00000007bc400000,0x00000007bc400000,0x00000007bfa00000)
  from space 3072K, 10% used [0x00000007bfa00000,0x00000007bfa50000,0x00000007bfd00000)
  to   space 3072K, 0% used [0x00000007bfd00000,0x00000007bfd00000,0x00000007c0000000)
 ParOldGen       total 165888K, used 50613K [0x0000000700000000, 0x000000070a200000, 0x00000007bc400000)
  object space 165888K, 30% used [0x0000000700000000,0x000000070316d608,0x000000070a200000)
 Metaspace       used 69494K, capacity 70111K, committed 70912K, reserved 1110016K
  class space    used 9532K, capacity 9660K, committed 9728K, reserved 1048576K
}
Event: 980.002 GC heap before
{Heap before GC invocations=760 (full 332):
 PSYoungGen      total 58368K, used 55616K [0x00000007bc400000, 0x00000007c0000000, 0x00000007c0000000)
  eden space 55296K, 100% used [0x00000007bc400000,0x00000007bfa00000,0x00000007bfa00000)
  from space 3072K, 10% used [0x00000007bfa00000,0x00000007bfa50000,0x00000007bfd00000)
  to   space 3072K, 0% used [0x00000007bfd00000,0x00000007bfd00000,0x00000007c0000000)
 ParOldGen       total 165888K, used 50613K [0x0000000700000000, 0x000000070a200000, 0x00000007bc400000)
  object space 165888K, 30% used [0x0000000700000000,0x000000070316d608,0x000000070a200000)
 Metaspace       used 69506K, capacity 70175K, committed 70912K, reserved 1110016K
  class space    used 9532K, capacity 9660K, committed 9728K, reserved 1048576K
Event: 980.005 GC heap after
Heap after GC invocations=760 (full 332):
 PSYoungGen      total 58368K, used 352K [0x00000007bc400000, 0x00000007c0000000, 0x00000007c0000000)
  eden space 55296K, 0% used [0x00000007bc400000,0x00000007bc400000,0x00000007bfa00000)
  from space 3072K, 11% used [0x00000007bfd00000,0x00000007bfd58000,0x00000007c0000000)
  to   space 3072K, 0% used [0x00000007bfa00000,0x00000007bfa00000,0x00000007bfd00000)
 ParOldGen       total 165888K, used 50613K [0x0000000700000000, 0x000000070a200000, 0x00000007bc400000)
  object space 165888K, 30% used [0x0000000700000000,0x000000070316d608,0x000000070a200000)
 Metaspace       used 69506K, capacity 70175K, committed 70912K, reserved 1110016K
  class space    used 9532K, capacity 9660K, committed 9728K, reserved 1048576K
}
Event: 981.440 GC heap before
{Heap before GC invocations=761 (full 332):
 PSYoungGen      total 58368K, used 55648K [0x00000007bc400000, 0x00000007c0000000, 0x00000007c0000000)
  eden space 55296K, 100% used [0x00000007bc400000,0x00000007bfa00000,0x00000007bfa00000)
  from space 3072K, 11% used [0x00000007bfd00000,0x00000007bfd58000,0x00000007c0000000)
  to   space 3072K, 0% used [0x00000007bfa00000,0x00000007bfa00000,0x00000007bfd00000)
 ParOldGen       total 165888K, used 50613K [0x0000000700000000, 0x000000070a200000, 0x00000007bc400000)
  object space 165888K, 30% used [0x0000000700000000,0x000000070316d608,0x000000070a200000)
 Metaspace       used 69553K, capacity 70203K, committed 70912K, reserved 1110016K
  class space    used 9541K, capacity 9666K, committed 9728K, reserved 1048576K
Event: 981.443 GC heap after
Heap after GC invocations=761 (full 332):
 PSYoungGen      total 58368K, used 544K [0x00000007bc400000, 0x00000007c0000000, 0x00000007c0000000)
  eden space 55296K, 0% used [0x00000007bc400000,0x00000007bc400000,0x00000007bfa00000)
  from space 3072K, 17% used [0x00000007bfa00000,0x00000007bfa88000,0x00000007bfd00000)
  to   space 2560K, 0% used [0x00000007bfd80000,0x00000007bfd80000,0x00000007c0000000)
 ParOldGen       total 165888K, used 50613K [0x0000000700000000, 0x000000070a200000, 0x00000007bc400000)
  object space 165888K, 30% used [0x0000000700000000,0x000000070316d608,0x000000070a200000)
 Metaspace       used 69553K, capacity 70203K, committed 70912K, reserved 1110016K
  class space    used 9541K, capacity 9666K, committed 9728K, reserved 1048576K
}

