# JRE version: Java(TM) SE Runtime Environment (8.0_112-b15) (build 1.8.0_112-b15)
# Java VM: Java HotSpot(TM) 64-Bit Server VM (25.112-b15 mixed mode windows-amd64 compressed oops)
Heap:
 PSYoungGen      total 60928K, used 44408K [0x00000007bc400000, 0x00000007c0000000, 0x00000007c0000000)
  eden space 60416K, 73% used [0x00000007bc400000,0x00000007bef5e0a8,0x00000007bff00000)
  from space 512K, 0% used [0x00000007bff00000,0x00000007bff00000,0x00000007bff80000)
  to   space 512K, 0% used [0x00000007bff80000,0x00000007bff80000,0x00000007c0000000)
 ParOldGen       total 166912K, used 50862K [0x0000000700000000, 0x000000070a300000, 0x00000007bc400000)
  object space 166912K, 30% used [0x0000000700000000,0x00000007031ab9f0,0x000000070a300000)
 Metaspace       used 71309K, capacity 72009K, committed 72704K, reserved 1112064K
  class space    used 9815K, capacity 9967K, committed 9984K, reserved 1048576K
GC Heap History (10 events):
Event: 928.157 GC heap before
{Heap before GC invocations=848 (full 335):
 PSYoungGen      total 60928K, used 60736K [0x00000007bc400000, 0x00000007c0000000, 0x00000007c0000000)
  eden space 60416K, 100% used [0x00000007bc400000,0x00000007bff00000,0x00000007bff00000)
  from space 512K, 62% used [0x00000007bff80000,0x00000007bffd0000,0x00000007c0000000)
  to   space 512K, 0% used [0x00000007bff00000,0x00000007bff00000,0x00000007bff80000)
 ParOldGen       total 166912K, used 51122K [0x0000000700000000, 0x000000070a300000, 0x00000007bc400000)
  object space 166912K, 30% used [0x0000000700000000,0x00000007031ecb40,0x000000070a300000)
 Metaspace       used 71283K, capacity 71945K, committed 72704K, reserved 1112064K
  class space    used 9815K, capacity 9967K, committed 9984K, reserved 1048576K
Event: 928.160 GC heap after
Heap after GC invocations=848 (full 335):
 PSYoungGen      total 60928K, used 480K [0x00000007bc400000, 0x00000007c0000000, 0x00000007c0000000)
  eden space 60416K, 0% used [0x00000007bc400000,0x00000007bc400000,0x00000007bff00000)
  from space 512K, 93% used [0x00000007bff00000,0x00000007bff78000,0x00000007bff80000)
  to   space 512K, 0% used [0x00000007bff80000,0x00000007bff80000,0x00000007c0000000)
 ParOldGen       total 166912K, used 51122K [0x0000000700000000, 0x000000070a300000, 0x00000007bc400000)
  object space 166912K, 30% used [0x0000000700000000,0x00000007031ecb40,0x000000070a300000)
 Metaspace       used 71283K, capacity 71945K, committed 72704K, reserved 1112064K
  class space    used 9815K, capacity 9967K, committed 9984K, reserved 1048576K
}
Event: 928.988 GC heap before
{Heap before GC invocations=849 (full 335):
 PSYoungGen      total 60928K, used 19957K [0x00000007bc400000, 0x00000007c0000000, 0x00000007c0000000)
  eden space 60416K, 32% used [0x00000007bc400000,0x00000007bd7054d0,0x00000007bff00000)
  from space 512K, 93% used [0x00000007bff00000,0x00000007bff78000,0x00000007bff80000)
  to   space 512K, 0% used [0x00000007bff80000,0x00000007bff80000,0x00000007c0000000)
 ParOldGen       total 166912K, used 51122K [0x0000000700000000, 0x000000070a300000, 0x00000007bc400000)
  object space 166912K, 30% used [0x0000000700000000,0x00000007031ecb40,0x000000070a300000)
 Metaspace       used 71283K, capacity 71945K, committed 72704K, reserved 1112064K
  class space    used 9815K, capacity 9967K, committed 9984K, reserved 1048576K
Event: 928.991 GC heap after
Heap after GC invocations=849 (full 335):
 PSYoungGen      total 60928K, used 448K [0x00000007bc400000, 0x00000007c0000000, 0x00000007c0000000)
  eden space 60416K, 0% used [0x00000007bc400000,0x00000007bc400000,0x00000007bff00000)
  from space 512K, 87% used [0x00000007bff80000,0x00000007bfff0000,0x00000007c0000000)
  to   space 512K, 0% used [0x00000007bff00000,0x00000007bff00000,0x00000007bff80000)
 ParOldGen       total 166912K, used 51122K [0x0000000700000000, 0x000000070a300000, 0x00000007bc400000)
  object space 166912K, 30% used [0x0000000700000000,0x00000007031ecb40,0x000000070a300000)
 Metaspace       used 71283K, capacity 71945K, committed 72704K, reserved 1112064K
  class space    used 9815K, capacity 9967K, committed 9984K, reserved 1048576K
}
Event: 928.991 GC heap before
{Heap before GC invocations=850 (full 336):
 PSYoungGen      total 60928K, used 448K [0x00000007bc400000, 0x00000007c0000000, 0x00000007c0000000)
  eden space 60416K, 0% used [0x00000007bc400000,0x00000007bc400000,0x00000007bff00000)
  from space 512K, 87% used [0x00000007bff80000,0x00000007bfff0000,0x00000007c0000000)
  to   space 512K, 0% used [0x00000007bff00000,0x00000007bff00000,0x00000007bff80000)
 ParOldGen       total 166912K, used 51122K [0x0000000700000000, 0x000000070a300000, 0x00000007bc400000)
  object space 166912K, 30% used [0x0000000700000000,0x00000007031ecb40,0x000000070a300000)
 Metaspace       used 71283K, capacity 71945K, committed 72704K, reserved 1112064K
  class space    used 9815K, capacity 9967K, committed 9984K, reserved 1048576K
Event: 929.063 GC heap after
Heap after GC invocations=850 (full 336):
 PSYoungGen      total 60928K, used 0K [0x00000007bc400000, 0x00000007c0000000, 0x00000007c0000000)
  eden space 60416K, 0% used [0x00000007bc400000,0x00000007bc400000,0x00000007bff00000)
  from space 512K, 0% used [0x00000007bff80000,0x00000007bff80000,0x00000007c0000000)
  to   space 512K, 0% used [0x00000007bff00000,0x00000007bff00000,0x00000007bff80000)
 ParOldGen       total 166912K, used 50901K [0x0000000700000000, 0x000000070a300000, 0x00000007bc400000)
  object space 166912K, 30% used [0x0000000700000000,0x00000007031b5488,0x000000070a300000)
 Metaspace       used 71283K, capacity 71945K, committed 72704K, reserved 1112064K
  class space    used 9815K, capacity 9967K, committed 9984K, reserved 1048576K
}
Event: 929.209 GC heap before
{Heap before GC invocations=851 (full 336):
 PSYoungGen      total 60928K, used 1461K [0x00000007bc400000, 0x00000007c0000000, 0x00000007c0000000)
  eden space 60416K, 2% used [0x00000007bc400000,0x00000007bc56d658,0x00000007bff00000)
  from space 512K, 0% used [0x00000007bff80000,0x00000007bff80000,0x00000007c0000000)
  to   space 512K, 0% used [0x00000007bff00000,0x00000007bff00000,0x00000007bff80000)
 ParOldGen       total 166912K, used 50901K [0x0000000700000000, 0x000000070a300000, 0x00000007bc400000)
  object space 166912K, 30% used [0x0000000700000000,0x00000007031b5488,0x000000070a300000)
 Metaspace       used 71283K, capacity 71945K, committed 72704K, reserved 1112064K
  class space    used 9815K, capacity 9967K, committed 9984K, reserved 1048576K
Event: 929.212 GC heap after
Heap after GC invocations=851 (full 336):
 PSYoungGen      total 60928K, used 288K [0x00000007bc400000, 0x00000007c0000000, 0x00000007c0000000)
  eden space 60416K, 0% used [0x00000007bc400000,0x00000007bc400000,0x00000007bff00000)
  from space 512K, 56% used [0x00000007bff00000,0x00000007bff48000,0x00000007bff80000)
  to   space 512K, 0% used [0x00000007bff80000,0x00000007bff80000,0x00000007c0000000)
 ParOldGen       total 166912K, used 50901K [0x0000000700000000, 0x000000070a300000, 0x00000007bc400000)
  object space 166912K, 30% used [0x0000000700000000,0x00000007031b5488,0x000000070a300000)
 Metaspace       used 71283K, capacity 71945K, committed 72704K, reserved 1112064K
  class space    used 9815K, capacity 9967K, committed 9984K, reserved 1048576K
}
Event: 929.212 GC heap before
{Heap before GC invocations=852 (full 337):
 PSYoungGen      total 60928K, used 288K [0x00000007bc400000, 0x00000007c0000000, 0x00000007c0000000)
  eden space 60416K, 0% used [0x00000007bc400000,0x00000007bc400000,0x00000007bff00000)
  from space 512K, 56% used [0x00000007bff00000,0x00000007bff48000,0x00000007bff80000)
  to   space 512K, 0% used [0x00000007bff80000,0x00000007bff80000,0x00000007c0000000)
 ParOldGen       total 166912K, used 50901K [0x0000000700000000, 0x000000070a300000, 0x00000007bc400000)
  object space 166912K, 30% used [0x0000000700000000,0x00000007031b5488,0x000000070a300000)
 Metaspace       used 71283K, capacity 71945K, committed 72704K, reserved 1112064K
  class space    used 9815K, capacity 9967K, committed 9984K, reserved 1048576K
Event: 929.288 GC heap after
Heap after GC invocations=852 (full 337):
 PSYoungGen      total 60928K, used 0K [0x00000007bc400000, 0x00000007c0000000, 0x00000007c0000000)
  eden space 60416K, 0% used [0x00000007bc400000,0x00000007bc400000,0x00000007bff00000)
  from space 512K, 0% used [0x00000007bff00000,0x00000007bff00000,0x00000007bff80000)
  to   space 512K, 0% used [0x00000007bff80000,0x00000007bff80000,0x00000007c0000000)
 ParOldGen       total 166912K, used 50862K [0x0000000700000000, 0x000000070a300000, 0x00000007bc400000)
  object space 166912K, 30% used [0x0000000700000000,0x00000007031ab9f0,0x000000070a300000)
 Metaspace       used 71283K, capacity 71945K, committed 72704K, reserved 1112064K
  class space    used 9815K, capacity 9967K, committed 9984K, reserved 1048576K
}

