# JRE version: Java(TM) SE Runtime Environment (8.0_112-b15) (build 1.8.0_112-b15)
# Java VM: Java HotSpot(TM) 64-Bit Server VM (25.112-b15 mixed mode windows-amd64 compressed oops)
Heap:
 PSYoungGen      total 51200K, used 11117K [0x00000007bc400000, 0x00000007c0000000, 0x00000007c0000000)
  eden space 40448K, 15% used [0x00000007bc400000,0x00000007bca3b558,0x00000007beb80000)
  from space 10752K, 44% used [0x00000007bf580000,0x00000007bfa20000,0x00000007c0000000)
  to   space 10240K, 0% used [0x00000007beb80000,0x00000007beb80000,0x00000007bf580000)
 ParOldGen       total 169984K, used 61102K [0x0000000700000000, 0x000000070a600000, 0x00000007bc400000)
  object space 169984K, 35% used [0x0000000700000000,0x0000000703babb90,0x000000070a600000)
 Metaspace       used 73213K, capacity 73921K, committed 74624K, reserved 1114112K
  class space    used 10179K, capacity 10333K, committed 10368K, reserved 1048576K
GC Heap History (10 events):
Event: 2163.017 GC heap before
{Heap before GC invocations=292 (full 26):
 PSYoungGen      total 50688K, used 45974K [0x00000007bc400000, 0x00000007c0000000, 0x00000007c0000000)
  eden space 39936K, 100% used [0x00000007bc400000,0x00000007beb00000,0x00000007beb00000)
  from space 10752K, 56% used [0x00000007beb00000,0x00000007bf0e58d0,0x00000007bf580000)
  to   space 10752K, 0% used [0x00000007bf580000,0x00000007bf580000,0x00000007c0000000)
 ParOldGen       total 169984K, used 58973K [0x0000000700000000, 0x000000070a600000, 0x00000007bc400000)
  object space 169984K, 34% used [0x0000000700000000,0x0000000703997788,0x000000070a600000)
 Metaspace       used 73184K, capacity 73857K, committed 74368K, reserved 1114112K
  class space    used 10179K, capacity 10333K, committed 10368K, reserved 1048576K
Event: 2163.022 GC heap after
Heap after GC invocations=292 (full 26):
 PSYoungGen      total 50688K, used 5942K [0x00000007bc400000, 0x00000007c0000000, 0x00000007c0000000)
  eden space 39936K, 0% used [0x00000007bc400000,0x00000007bc400000,0x00000007beb00000)
  from space 10752K, 55% used [0x00000007bf580000,0x00000007bfb4d8d0,0x00000007c0000000)
  to   space 10752K, 0% used [0x00000007beb00000,0x00000007beb00000,0x00000007bf580000)
 ParOldGen       total 169984K, used 58981K [0x0000000700000000, 0x000000070a600000, 0x00000007bc400000)
  object space 169984K, 34% used [0x0000000700000000,0x0000000703999788,0x000000070a600000)
 Metaspace       used 73184K, capacity 73857K, committed 74368K, reserved 1114112K
  class space    used 10179K, capacity 10333K, committed 10368K, reserved 1048576K
}
Event: 2163.874 GC heap before
{Heap before GC invocations=293 (full 26):
 PSYoungGen      total 50688K, used 45878K [0x00000007bc400000, 0x00000007c0000000, 0x00000007c0000000)
  eden space 39936K, 100% used [0x00000007bc400000,0x00000007beb00000,0x00000007beb00000)
  from space 10752K, 55% used [0x00000007bf580000,0x00000007bfb4d8d0,0x00000007c0000000)
  to   space 10752K, 0% used [0x00000007beb00000,0x00000007beb00000,0x00000007bf580000)
 ParOldGen       total 169984K, used 58981K [0x0000000700000000, 0x000000070a600000, 0x00000007bc400000)
  object space 169984K, 34% used [0x0000000700000000,0x0000000703999788,0x000000070a600000)
 Metaspace       used 73186K, capacity 73921K, committed 74624K, reserved 1114112K
  class space    used 10179K, capacity 10333K, committed 10368K, reserved 1048576K
Event: 2163.878 GC heap after
Heap after GC invocations=293 (full 26):
 PSYoungGen      total 50688K, used 5878K [0x00000007bc400000, 0x00000007c0000000, 0x00000007c0000000)
  eden space 39936K, 0% used [0x00000007bc400000,0x00000007bc400000,0x00000007beb00000)
  from space 10752K, 54% used [0x00000007beb00000,0x00000007bf0bd8d0,0x00000007bf580000)
  to   space 10752K, 0% used [0x00000007bf580000,0x00000007bf580000,0x00000007c0000000)
 ParOldGen       total 169984K, used 58981K [0x0000000700000000, 0x000000070a600000, 0x00000007bc400000)
  object space 169984K, 34% used [0x0000000700000000,0x0000000703999788,0x000000070a600000)
 Metaspace       used 73186K, capacity 73921K, committed 74624K, reserved 1114112K
  class space    used 10179K, capacity 10333K, committed 10368K, reserved 1048576K
}
Event: 2164.083 GC heap before
{Heap before GC invocations=294 (full 26):
 PSYoungGen      total 50688K, used 45814K [0x00000007bc400000, 0x00000007c0000000, 0x00000007c0000000)
  eden space 39936K, 100% used [0x00000007bc400000,0x00000007beb00000,0x00000007beb00000)
  from space 10752K, 54% used [0x00000007beb00000,0x00000007bf0bd8d0,0x00000007bf580000)
  to   space 10752K, 0% used [0x00000007bf580000,0x00000007bf580000,0x00000007c0000000)
 ParOldGen       total 169984K, used 58981K [0x0000000700000000, 0x000000070a600000, 0x00000007bc400000)
  object space 169984K, 34% used [0x0000000700000000,0x0000000703999788,0x000000070a600000)
 Metaspace       used 73186K, capacity 73921K, committed 74624K, reserved 1114112K
  class space    used 10179K, capacity 10333K, committed 10368K, reserved 1048576K
Event: 2164.086 GC heap after
Heap after GC invocations=294 (full 26):
 PSYoungGen      total 50688K, used 5974K [0x00000007bc400000, 0x00000007c0000000, 0x00000007c0000000)
  eden space 39936K, 0% used [0x00000007bc400000,0x00000007bc400000,0x00000007beb00000)
  from space 10752K, 55% used [0x00000007bf580000,0x00000007bfb558d0,0x00000007c0000000)
  to   space 10752K, 0% used [0x00000007beb00000,0x00000007beb00000,0x00000007bf580000)
 ParOldGen       total 169984K, used 58981K [0x0000000700000000, 0x000000070a600000, 0x00000007bc400000)
  object space 169984K, 34% used [0x0000000700000000,0x0000000703999788,0x000000070a600000)
 Metaspace       used 73186K, capacity 73921K, committed 74624K, reserved 1114112K
  class space    used 10179K, capacity 10333K, committed 10368K, reserved 1048576K
}
Event: 2165.184 GC heap before
{Heap before GC invocations=295 (full 26):
 PSYoungGen      total 50688K, used 45910K [0x00000007bc400000, 0x00000007c0000000, 0x00000007c0000000)
  eden space 39936K, 100% used [0x00000007bc400000,0x00000007beb00000,0x00000007beb00000)
  from space 10752K, 55% used [0x00000007bf580000,0x00000007bfb558d0,0x00000007c0000000)
  to   space 10752K, 0% used [0x00000007beb00000,0x00000007beb00000,0x00000007bf580000)
 ParOldGen       total 169984K, used 58981K [0x0000000700000000, 0x000000070a600000, 0x00000007bc400000)
  object space 169984K, 34% used [0x0000000700000000,0x0000000703999788,0x000000070a600000)
 Metaspace       used 73189K, capacity 73921K, committed 74624K, reserved 1114112K
  class space    used 10179K, capacity 10333K, committed 10368K, reserved 1048576K
Event: 2165.189 GC heap after
Heap after GC invocations=295 (full 26):
 PSYoungGen      total 50688K, used 6665K [0x00000007bc400000, 0x00000007c0000000, 0x00000007c0000000)
  eden space 39936K, 0% used [0x00000007bc400000,0x00000007bc400000,0x00000007beb00000)
  from space 10752K, 61% used [0x00000007beb00000,0x00000007bf182408,0x00000007bf580000)
  to   space 10752K, 0% used [0x00000007bf580000,0x00000007bf580000,0x00000007c0000000)
 ParOldGen       total 169984K, used 58981K [0x0000000700000000, 0x000000070a600000, 0x00000007bc400000)
  object space 169984K, 34% used [0x0000000700000000,0x0000000703999788,0x000000070a600000)
 Metaspace       used 73189K, capacity 73921K, committed 74624K, reserved 1114112K
  class space    used 10179K, capacity 10333K, committed 10368K, reserved 1048576K
}
Event: 2167.855 GC heap before
{Heap before GC invocations=296 (full 26):
 PSYoungGen      total 50688K, used 46601K [0x00000007bc400000, 0x00000007c0000000, 0x00000007c0000000)
  eden space 39936K, 100% used [0x00000007bc400000,0x00000007beb00000,0x00000007beb00000)
  from space 10752K, 61% used [0x00000007beb00000,0x00000007bf182408,0x00000007bf580000)
  to   space 10752K, 0% used [0x00000007bf580000,0x00000007bf580000,0x00000007c0000000)
 ParOldGen       total 169984K, used 58981K [0x0000000700000000, 0x000000070a600000, 0x00000007bc400000)
  object space 169984K, 34% used [0x0000000700000000,0x0000000703999788,0x000000070a600000)
 Metaspace       used 73206K, capacity 73921K, committed 74624K, reserved 1114112K
  class space    used 10179K, capacity 10333K, committed 10368K, reserved 1048576K
Event: 2167.860 GC heap after
Heap after GC invocations=296 (full 26):
 PSYoungGen      total 51200K, used 4736K [0x00000007bc400000, 0x00000007c0000000, 0x00000007c0000000)
  eden space 40448K, 0% used [0x00000007bc400000,0x00000007bc400000,0x00000007beb80000)
  from space 10752K, 44% used [0x00000007bf580000,0x00000007bfa20000,0x00000007c0000000)
  to   space 10240K, 0% used [0x00000007beb80000,0x00000007beb80000,0x00000007bf580000)
 ParOldGen       total 169984K, used 61102K [0x0000000700000000, 0x000000070a600000, 0x00000007bc400000)
  object space 169984K, 35% used [0x0000000700000000,0x0000000703babb90,0x000000070a600000)
 Metaspace       used 73206K, capacity 73921K, committed 74624K, reserved 1114112K
  class space    used 10179K, capacity 10333K, committed 10368K, reserved 1048576K
}

