# JRE version: Java(TM) SE Runtime Environment (8.0_112-b15) (build 1.8.0_112-b15)
# Java VM: Java HotSpot(TM) 64-Bit Server VM (25.112-b15 mixed mode windows-amd64 compressed oops)
Heap:
 PSYoungGen      total 60416K, used 45409K [0x00000007bc400000, 0x00000007c0000000, 0x00000007c0000000)
  eden space 59392K, 75% used [0x00000007bc400000,0x00000007befc0688,0x00000007bfe00000)
  from space 1024K, 59% used [0x00000007bfe00000,0x00000007bfe98000,0x00000007bff00000)
  to   space 1024K, 0% used [0x00000007bff00000,0x00000007bff00000,0x00000007c0000000)
 ParOldGen       total 173568K, used 57247K [0x0000000700000000, 0x000000070a980000, 0x00000007bc400000)
  object space 173568K, 32% used [0x0000000700000000,0x00000007037e7c68,0x000000070a980000)
 Metaspace       used 70749K, capacity 71391K, committed 72064K, reserved 1112064K
  class space    used 9614K, capacity 9736K, committed 9856K, reserved 1048576K
GC Heap History (10 events):
Event: 2095.974 GC heap before
{Heap before GC invocations=1609 (full 722):
 PSYoungGen      total 60416K, used 2620K [0x00000007bc400000, 0x00000007c0000000, 0x00000007c0000000)
  eden space 59392K, 4% used [0x00000007bc400000,0x00000007bc68f270,0x00000007bfe00000)
  from space 1024K, 0% used [0x00000007bff00000,0x00000007bff00000,0x00000007c0000000)
  to   space 1024K, 0% used [0x00000007bfe00000,0x00000007bfe00000,0x00000007bff00000)
 ParOldGen       total 173568K, used 52334K [0x0000000700000000, 0x000000070a980000, 0x00000007bc400000)
  object space 173568K, 30% used [0x0000000700000000,0x000000070331b8a0,0x000000070a980000)
 Metaspace       used 70745K, capacity 71391K, committed 72064K, reserved 1112064K
  class space    used 9614K, capacity 9736K, committed 9856K, reserved 1048576K
Event: 2095.978 GC heap after
Heap after GC invocations=1609 (full 722):
 PSYoungGen      total 60416K, used 320K [0x00000007bc400000, 0x00000007c0000000, 0x00000007c0000000)
  eden space 59392K, 0% used [0x00000007bc400000,0x00000007bc400000,0x00000007bfe00000)
  from space 1024K, 31% used [0x00000007bfe00000,0x00000007bfe50000,0x00000007bff00000)
  to   space 1024K, 0% used [0x00000007bff00000,0x00000007bff00000,0x00000007c0000000)
 ParOldGen       total 173568K, used 52334K [0x0000000700000000, 0x000000070a980000, 0x00000007bc400000)
  object space 173568K, 30% used [0x0000000700000000,0x000000070331b8a0,0x000000070a980000)
 Metaspace       used 70745K, capacity 71391K, committed 72064K, reserved 1112064K
  class space    used 9614K, capacity 9736K, committed 9856K, reserved 1048576K
}
Event: 2095.978 GC heap before
{Heap before GC invocations=1610 (full 723):
 PSYoungGen      total 60416K, used 320K [0x00000007bc400000, 0x00000007c0000000, 0x00000007c0000000)
  eden space 59392K, 0% used [0x00000007bc400000,0x00000007bc400000,0x00000007bfe00000)
  from space 1024K, 31% used [0x00000007bfe00000,0x00000007bfe50000,0x00000007bff00000)
  to   space 1024K, 0% used [0x00000007bff00000,0x00000007bff00000,0x00000007c0000000)
 ParOldGen       total 173568K, used 52334K [0x0000000700000000, 0x000000070a980000, 0x00000007bc400000)
  object space 173568K, 30% used [0x0000000700000000,0x000000070331b8a0,0x000000070a980000)
 Metaspace       used 70745K, capacity 71391K, committed 72064K, reserved 1112064K
  class space    used 9614K, capacity 9736K, committed 9856K, reserved 1048576K
Event: 2096.049 GC heap after
Heap after GC invocations=1610 (full 723):
 PSYoungGen      total 60416K, used 0K [0x00000007bc400000, 0x00000007c0000000, 0x00000007c0000000)
  eden space 59392K, 0% used [0x00000007bc400000,0x00000007bc400000,0x00000007bfe00000)
  from space 1024K, 0% used [0x00000007bfe00000,0x00000007bfe00000,0x00000007bff00000)
  to   space 1024K, 0% used [0x00000007bff00000,0x00000007bff00000,0x00000007c0000000)
 ParOldGen       total 173568K, used 52363K [0x0000000700000000, 0x000000070a980000, 0x00000007bc400000)
  object space 173568K, 30% used [0x0000000700000000,0x0000000703322f70,0x000000070a980000)
 Metaspace       used 70745K, capacity 71391K, committed 72064K, reserved 1112064K
  class space    used 9614K, capacity 9736K, committed 9856K, reserved 1048576K
}
Event: 2096.327 GC heap before
{Heap before GC invocations=1611 (full 723):
 PSYoungGen      total 60416K, used 3783K [0x00000007bc400000, 0x00000007c0000000, 0x00000007c0000000)
  eden space 59392K, 6% used [0x00000007bc400000,0x00000007bc7b1e18,0x00000007bfe00000)
  from space 1024K, 0% used [0x00000007bfe00000,0x00000007bfe00000,0x00000007bff00000)
  to   space 1024K, 0% used [0x00000007bff00000,0x00000007bff00000,0x00000007c0000000)
 ParOldGen       total 173568K, used 52363K [0x0000000700000000, 0x000000070a980000, 0x00000007bc400000)
  object space 173568K, 30% used [0x0000000700000000,0x0000000703322f70,0x000000070a980000)
 Metaspace       used 70745K, capacity 71391K, committed 72064K, reserved 1112064K
  class space    used 9614K, capacity 9736K, committed 9856K, reserved 1048576K
Event: 2096.330 GC heap after
Heap after GC invocations=1611 (full 723):
 PSYoungGen      total 60416K, used 320K [0x00000007bc400000, 0x00000007c0000000, 0x00000007c0000000)
  eden space 59392K, 0% used [0x00000007bc400000,0x00000007bc400000,0x00000007bfe00000)
  from space 1024K, 31% used [0x00000007bff00000,0x00000007bff50000,0x00000007c0000000)
  to   space 1024K, 0% used [0x00000007bfe00000,0x00000007bfe00000,0x00000007bff00000)
 ParOldGen       total 173568K, used 52363K [0x0000000700000000, 0x000000070a980000, 0x00000007bc400000)
  object space 173568K, 30% used [0x0000000700000000,0x0000000703322f70,0x000000070a980000)
 Metaspace       used 70745K, capacity 71391K, committed 72064K, reserved 1112064K
  class space    used 9614K, capacity 9736K, committed 9856K, reserved 1048576K
}
Event: 2096.330 GC heap before
{Heap before GC invocations=1612 (full 724):
 PSYoungGen      total 60416K, used 320K [0x00000007bc400000, 0x00000007c0000000, 0x00000007c0000000)
  eden space 59392K, 0% used [0x00000007bc400000,0x00000007bc400000,0x00000007bfe00000)
  from space 1024K, 31% used [0x00000007bff00000,0x00000007bff50000,0x00000007c0000000)
  to   space 1024K, 0% used [0x00000007bfe00000,0x00000007bfe00000,0x00000007bff00000)
 ParOldGen       total 173568K, used 52363K [0x0000000700000000, 0x000000070a980000, 0x00000007bc400000)
  object space 173568K, 30% used [0x0000000700000000,0x0000000703322f70,0x000000070a980000)
 Metaspace       used 70745K, capacity 71391K, committed 72064K, reserved 1112064K
  class space    used 9614K, capacity 9736K, committed 9856K, reserved 1048576K
Event: 2096.406 GC heap after
Heap after GC invocations=1612 (full 724):
 PSYoungGen      total 60416K, used 0K [0x00000007bc400000, 0x00000007c0000000, 0x00000007c0000000)
  eden space 59392K, 0% used [0x00000007bc400000,0x00000007bc400000,0x00000007bfe00000)
  from space 1024K, 0% used [0x00000007bff00000,0x00000007bff00000,0x00000007c0000000)
  to   space 1024K, 0% used [0x00000007bfe00000,0x00000007bfe00000,0x00000007bff00000)
 ParOldGen       total 173568K, used 52354K [0x0000000700000000, 0x000000070a980000, 0x00000007bc400000)
  object space 173568K, 30% used [0x0000000700000000,0x0000000703320838,0x000000070a980000)
 Metaspace       used 70745K, capacity 71391K, committed 72064K, reserved 1112064K
  class space    used 9614K, capacity 9736K, committed 9856K, reserved 1048576K
}
Event: 2098.937 GC heap before
{Heap before GC invocations=1613 (full 724):
 PSYoungGen      total 60416K, used 59392K [0x00000007bc400000, 0x00000007c0000000, 0x00000007c0000000)
  eden space 59392K, 100% used [0x00000007bc400000,0x00000007bfe00000,0x00000007bfe00000)
  from space 1024K, 0% used [0x00000007bff00000,0x00000007bff00000,0x00000007c0000000)
  to   space 1024K, 0% used [0x00000007bfe00000,0x00000007bfe00000,0x00000007bff00000)
 ParOldGen       total 173568K, used 52354K [0x0000000700000000, 0x000000070a980000, 0x00000007bc400000)
  object space 173568K, 30% used [0x0000000700000000,0x0000000703320838,0x000000070a980000)
 Metaspace       used 70747K, capacity 71391K, committed 72064K, reserved 1112064K
  class space    used 9614K, capacity 9736K, committed 9856K, reserved 1048576K
Event: 2098.941 GC heap after
Heap after GC invocations=1613 (full 724):
 PSYoungGen      total 60416K, used 608K [0x00000007bc400000, 0x00000007c0000000, 0x00000007c0000000)
  eden space 59392K, 0% used [0x00000007bc400000,0x00000007bc400000,0x00000007bfe00000)
  from space 1024K, 59% used [0x00000007bfe00000,0x00000007bfe98000,0x00000007bff00000)
  to   space 1024K, 0% used [0x00000007bff00000,0x00000007bff00000,0x00000007c0000000)
 ParOldGen       total 173568K, used 57247K [0x0000000700000000, 0x000000070a980000, 0x00000007bc400000)
  object space 173568K, 32% used [0x0000000700000000,0x00000007037e7c68,0x000000070a980000)
 Metaspace       used 70747K, capacity 71391K, committed 72064K, reserved 1112064K
  class space    used 9614K, capacity 9736K, committed 9856K, reserved 1048576K
}

