# JRE version: Java(TM) SE Runtime Environment (8.0_112-b15) (build 1.8.0_112-b15)
# Java VM: Java HotSpot(TM) 64-Bit Server VM (25.112-b15 mixed mode windows-amd64 compressed oops)
Heap:
 PSYoungGen      total 47616K, used 16725K [0x00000007bc400000, 0x00000007c0000000, 0x00000007c0000000)
  eden space 34304K, 43% used [0x00000007bc400000,0x00000007bd2ac000,0x00000007be580000)
  from space 13312K, 12% used [0x00000007be580000,0x00000007be7294a8,0x00000007bf280000)
  to   space 12800K, 0% used [0x00000007bf380000,0x00000007bf380000,0x00000007c0000000)
 ParOldGen       total 172032K, used 50518K [0x0000000700000000, 0x000000070a800000, 0x00000007bc400000)
  object space 172032K, 29% used [0x0000000700000000,0x0000000703155ab0,0x000000070a800000)
 Metaspace       used 65890K, capacity 66533K, committed 67200K, reserved 1107968K
  class space    used 9362K, capacity 9497K, committed 9600K, reserved 1048576K
GC Heap History (10 events):
Event: 42.869 GC heap before
{Heap before GC invocations=55 (full 6):
 PSYoungGen      total 45568K, used 32079K [0x00000007bc400000, 0x00000007c0000000, 0x00000007c0000000)
  eden space 28672K, 100% used [0x00000007bc400000,0x00000007be000000,0x00000007be000000)
  from space 16896K, 20% used [0x00000007bef80000,0x00000007bf2d3df8,0x00000007c0000000)
  to   space 15872K, 0% used [0x00000007be000000,0x00000007be000000,0x00000007bef80000)
 ParOldGen       total 172032K, used 50502K [0x0000000700000000, 0x000000070a800000, 0x00000007bc400000)
  object space 172032K, 29% used [0x0000000700000000,0x0000000703151ab0,0x000000070a800000)
 Metaspace       used 65709K, capacity 66293K, committed 66816K, reserved 1105920K
  class space    used 9347K, capacity 9461K, committed 9472K, reserved 1048576K
Event: 42.872 GC heap after
Heap after GC invocations=55 (full 6):
 PSYoungGen      total 44544K, used 3375K [0x00000007bc400000, 0x00000007c0000000, 0x00000007c0000000)
  eden space 28672K, 0% used [0x00000007bc400000,0x00000007bc400000,0x00000007be000000)
  from space 15872K, 21% used [0x00000007be000000,0x00000007be34bdf8,0x00000007bef80000)
  to   space 14848K, 0% used [0x00000007bf180000,0x00000007bf180000,0x00000007c0000000)
 ParOldGen       total 172032K, used 50502K [0x0000000700000000, 0x000000070a800000, 0x00000007bc400000)
  object space 172032K, 29% used [0x0000000700000000,0x0000000703151ab0,0x000000070a800000)
 Metaspace       used 65709K, capacity 66293K, committed 66816K, reserved 1105920K
  class space    used 9347K, capacity 9461K, committed 9472K, reserved 1048576K
}
Event: 43.950 GC heap before
{Heap before GC invocations=56 (full 6):
 PSYoungGen      total 44544K, used 32047K [0x00000007bc400000, 0x00000007c0000000, 0x00000007c0000000)
  eden space 28672K, 100% used [0x00000007bc400000,0x00000007be000000,0x00000007be000000)
  from space 15872K, 21% used [0x00000007be000000,0x00000007be34bdf8,0x00000007bef80000)
  to   space 14848K, 0% used [0x00000007bf180000,0x00000007bf180000,0x00000007c0000000)
 ParOldGen       total 172032K, used 50502K [0x0000000700000000, 0x000000070a800000, 0x00000007bc400000)
  object space 172032K, 29% used [0x0000000700000000,0x0000000703151ab0,0x000000070a800000)
 Metaspace       used 65735K, capacity 66293K, committed 66816K, reserved 1105920K
  class space    used 9347K, capacity 9461K, committed 9472K, reserved 1048576K
Event: 43.953 GC heap after
Heap after GC invocations=56 (full 6):
 PSYoungGen      total 47104K, used 3407K [0x00000007bc400000, 0x00000007c0000000, 0x00000007c0000000)
  eden space 32256K, 0% used [0x00000007bc400000,0x00000007bc400000,0x00000007be380000)
  from space 14848K, 22% used [0x00000007bf180000,0x00000007bf4d3df8,0x00000007c0000000)
  to   space 14336K, 0% used [0x00000007be380000,0x00000007be380000,0x00000007bf180000)
 ParOldGen       total 172032K, used 50510K [0x0000000700000000, 0x000000070a800000, 0x00000007bc400000)
  object space 172032K, 29% used [0x0000000700000000,0x0000000703153ab0,0x000000070a800000)
 Metaspace       used 65735K, capacity 66293K, committed 66816K, reserved 1105920K
  class space    used 9347K, capacity 9461K, committed 9472K, reserved 1048576K
}
Event: 44.801 GC heap before
{Heap before GC invocations=57 (full 6):
 PSYoungGen      total 47104K, used 35663K [0x00000007bc400000, 0x00000007c0000000, 0x00000007c0000000)
  eden space 32256K, 100% used [0x00000007bc400000,0x00000007be380000,0x00000007be380000)
  from space 14848K, 22% used [0x00000007bf180000,0x00000007bf4d3df8,0x00000007c0000000)
  to   space 14336K, 0% used [0x00000007be380000,0x00000007be380000,0x00000007bf180000)
 ParOldGen       total 172032K, used 50510K [0x0000000700000000, 0x000000070a800000, 0x00000007bc400000)
  object space 172032K, 29% used [0x0000000700000000,0x0000000703153ab0,0x000000070a800000)
 Metaspace       used 65766K, capacity 66357K, committed 66816K, reserved 1105920K
  class space    used 9347K, capacity 9461K, committed 9472K, reserved 1048576K
Event: 44.804 GC heap after
Heap after GC invocations=57 (full 6):
 PSYoungGen      total 46592K, used 2396K [0x00000007bc400000, 0x00000007c0000000, 0x00000007c0000000)
  eden space 32256K, 0% used [0x00000007bc400000,0x00000007bc400000,0x00000007be380000)
  from space 14336K, 16% used [0x00000007be380000,0x00000007be5d7200,0x00000007bf180000)
  to   space 13824K, 0% used [0x00000007bf280000,0x00000007bf280000,0x00000007c0000000)
 ParOldGen       total 172032K, used 50510K [0x0000000700000000, 0x000000070a800000, 0x00000007bc400000)
  object space 172032K, 29% used [0x0000000700000000,0x0000000703153ab0,0x000000070a800000)
 Metaspace       used 65766K, capacity 66357K, committed 66816K, reserved 1105920K
  class space    used 9347K, capacity 9461K, committed 9472K, reserved 1048576K
}
Event: 45.545 GC heap before
{Heap before GC invocations=58 (full 6):
 PSYoungGen      total 46592K, used 34652K [0x00000007bc400000, 0x00000007c0000000, 0x00000007c0000000)
  eden space 32256K, 100% used [0x00000007bc400000,0x00000007be380000,0x00000007be380000)
  from space 14336K, 16% used [0x00000007be380000,0x00000007be5d7200,0x00000007bf180000)
  to   space 13824K, 0% used [0x00000007bf280000,0x00000007bf280000,0x00000007c0000000)
 ParOldGen       total 172032K, used 50510K [0x0000000700000000, 0x000000070a800000, 0x00000007bc400000)
  object space 172032K, 29% used [0x0000000700000000,0x0000000703153ab0,0x000000070a800000)
 Metaspace       used 65819K, capacity 66437K, committed 67072K, reserved 1107968K
  class space    used 9353K, capacity 9465K, committed 9472K, reserved 1048576K
Event: 45.548 GC heap after
Heap after GC invocations=58 (full 6):
 PSYoungGen      total 48128K, used 1637K [0x00000007bc400000, 0x00000007c0000000, 0x00000007c0000000)
  eden space 34304K, 0% used [0x00000007bc400000,0x00000007bc400000,0x00000007be580000)
  from space 13824K, 11% used [0x00000007bf280000,0x00000007bf4194a8,0x00000007c0000000)
  to   space 13312K, 0% used [0x00000007be580000,0x00000007be580000,0x00000007bf280000)
 ParOldGen       total 172032K, used 50510K [0x0000000700000000, 0x000000070a800000, 0x00000007bc400000)
  object space 172032K, 29% used [0x0000000700000000,0x0000000703153ab0,0x000000070a800000)
 Metaspace       used 65819K, capacity 66437K, committed 67072K, reserved 1107968K
  class space    used 9353K, capacity 9465K, committed 9472K, reserved 1048576K
}
Event: 47.239 GC heap before
{Heap before GC invocations=59 (full 6):
 PSYoungGen      total 48128K, used 35941K [0x00000007bc400000, 0x00000007c0000000, 0x00000007c0000000)
  eden space 34304K, 100% used [0x00000007bc400000,0x00000007be580000,0x00000007be580000)
  from space 13824K, 11% used [0x00000007bf280000,0x00000007bf4194a8,0x00000007c0000000)
  to   space 13312K, 0% used [0x00000007be580000,0x00000007be580000,0x00000007bf280000)
 ParOldGen       total 172032K, used 50510K [0x0000000700000000, 0x000000070a800000, 0x00000007bc400000)
  object space 172032K, 29% used [0x0000000700000000,0x0000000703153ab0,0x000000070a800000)
 Metaspace       used 65886K, capacity 66533K, committed 67200K, reserved 1107968K
  class space    used 9362K, capacity 9497K, committed 9600K, reserved 1048576K
Event: 47.244 GC heap after
Heap after GC invocations=59 (full 6):
 PSYoungGen      total 47616K, used 1701K [0x00000007bc400000, 0x00000007c0000000, 0x00000007c0000000)
  eden space 34304K, 0% used [0x00000007bc400000,0x00000007bc400000,0x00000007be580000)
  from space 13312K, 12% used [0x00000007be580000,0x00000007be7294a8,0x00000007bf280000)
  to   space 12800K, 0% used [0x00000007bf380000,0x00000007bf380000,0x00000007c0000000)
 ParOldGen       total 172032K, used 50518K [0x0000000700000000, 0x000000070a800000, 0x00000007bc400000)
  object space 172032K, 29% used [0x0000000700000000,0x0000000703155ab0,0x000000070a800000)
 Metaspace       used 65886K, capacity 66533K, committed 67200K, reserved 1107968K
  class space    used 9362K, capacity 9497K, committed 9600K, reserved 1048576K
}

