# JRE version: Java(TM) SE Runtime Environment (8.0_112-b15) (build 1.8.0_112-b15)
# Java VM: Java HotSpot(TM) 64-Bit Server VM (25.112-b15 mixed mode windows-amd64 compressed oops)
Heap:
 PSYoungGen      total 57344K, used 7771K [0x00000007bc400000, 0x00000007c0000000, 0x00000007c0000000)
  eden space 56320K, 11% used [0x00000007bc400000,0x00000007bca98c28,0x00000007bfb00000)
  from space 1024K, 99% used [0x00000007bff00000,0x00000007bfffe370,0x00000007c0000000)
  to   space 2560K, 0% used [0x00000007bfb00000,0x00000007bfb00000,0x00000007bfd80000)
 ParOldGen       total 171008K, used 55909K [0x0000000700000000, 0x000000070a700000, 0x00000007bc400000)
  object space 171008K, 32% used [0x0000000700000000,0x0000000703699560,0x000000070a700000)
 Metaspace       used 69311K, capacity 69991K, committed 70656K, reserved 1110016K
  class space    used 9498K, capacity 9636K, committed 9728K, reserved 1048576K
GC Heap History (10 events):
Event: 1606.357 GC heap before
{Heap before GC invocations=293 (full 107):
 PSYoungGen      total 60416K, used 320K [0x00000007bc400000, 0x00000007c0000000, 0x00000007c0000000)
  eden space 59392K, 0% used [0x00000007bc400000,0x00000007bc400000,0x00000007bfe00000)
  from space 1024K, 31% used [0x00000007bff00000,0x00000007bff50000,0x00000007c0000000)
  to   space 1024K, 0% used [0x00000007bfe00000,0x00000007bfe00000,0x00000007bff00000)
 ParOldGen       total 171008K, used 52720K [0x0000000700000000, 0x000000070a700000, 0x00000007bc400000)
  object space 171008K, 30% used [0x0000000700000000,0x000000070337c2e0,0x000000070a700000)
 Metaspace       used 69224K, capacity 69863K, committed 70656K, reserved 1110016K
  class space    used 9498K, capacity 9636K, committed 9728K, reserved 1048576K
Event: 1606.416 GC heap after
Heap after GC invocations=293 (full 107):
 PSYoungGen      total 60416K, used 0K [0x00000007bc400000, 0x00000007c0000000, 0x00000007c0000000)
  eden space 59392K, 0% used [0x00000007bc400000,0x00000007bc400000,0x00000007bfe00000)
  from space 1024K, 0% used [0x00000007bff00000,0x00000007bff00000,0x00000007c0000000)
  to   space 1024K, 0% used [0x00000007bfe00000,0x00000007bfe00000,0x00000007bff00000)
 ParOldGen       total 171008K, used 52709K [0x0000000700000000, 0x000000070a700000, 0x00000007bc400000)
  object space 171008K, 30% used [0x0000000700000000,0x0000000703379650,0x000000070a700000)
 Metaspace       used 69224K, capacity 69863K, committed 70656K, reserved 1110016K
  class space    used 9498K, capacity 9636K, committed 9728K, reserved 1048576K
}
Event: 1609.265 GC heap before
{Heap before GC invocations=294 (full 107):
 PSYoungGen      total 60416K, used 59392K [0x00000007bc400000, 0x00000007c0000000, 0x00000007c0000000)
  eden space 59392K, 100% used [0x00000007bc400000,0x00000007bfe00000,0x00000007bfe00000)
  from space 1024K, 0% used [0x00000007bff00000,0x00000007bff00000,0x00000007c0000000)
  to   space 1024K, 0% used [0x00000007bfe00000,0x00000007bfe00000,0x00000007bff00000)
 ParOldGen       total 171008K, used 52709K [0x0000000700000000, 0x000000070a700000, 0x00000007bc400000)
  object space 171008K, 30% used [0x0000000700000000,0x0000000703379650,0x000000070a700000)
 Metaspace       used 69245K, capacity 69863K, committed 70656K, reserved 1110016K
  class space    used 9498K, capacity 9636K, committed 9728K, reserved 1048576K
Event: 1609.268 GC heap after
Heap after GC invocations=294 (full 107):
 PSYoungGen      total 60416K, used 416K [0x00000007bc400000, 0x00000007c0000000, 0x00000007c0000000)
  eden space 59392K, 0% used [0x00000007bc400000,0x00000007bc400000,0x00000007bfe00000)
  from space 1024K, 40% used [0x00000007bfe00000,0x00000007bfe68000,0x00000007bff00000)
  to   space 1024K, 0% used [0x00000007bff00000,0x00000007bff00000,0x00000007c0000000)
 ParOldGen       total 171008K, used 52717K [0x0000000700000000, 0x000000070a700000, 0x00000007bc400000)
  object space 171008K, 30% used [0x0000000700000000,0x000000070337b650,0x000000070a700000)
 Metaspace       used 69245K, capacity 69863K, committed 70656K, reserved 1110016K
  class space    used 9498K, capacity 9636K, committed 9728K, reserved 1048576K
}
Event: 1616.059 GC heap before
{Heap before GC invocations=295 (full 107):
 PSYoungGen      total 60416K, used 59808K [0x00000007bc400000, 0x00000007c0000000, 0x00000007c0000000)
  eden space 59392K, 100% used [0x00000007bc400000,0x00000007bfe00000,0x00000007bfe00000)
  from space 1024K, 40% used [0x00000007bfe00000,0x00000007bfe68000,0x00000007bff00000)
  to   space 1024K, 0% used [0x00000007bff00000,0x00000007bff00000,0x00000007c0000000)
 ParOldGen       total 171008K, used 52717K [0x0000000700000000, 0x000000070a700000, 0x00000007bc400000)
  object space 171008K, 30% used [0x0000000700000000,0x000000070337b650,0x000000070a700000)
 Metaspace       used 69273K, capacity 69927K, committed 70656K, reserved 1110016K
  class space    used 9498K, capacity 9636K, committed 9728K, reserved 1048576K
Event: 1616.062 GC heap after
Heap after GC invocations=295 (full 107):
 PSYoungGen      total 60416K, used 1024K [0x00000007bc400000, 0x00000007c0000000, 0x00000007c0000000)
  eden space 59392K, 0% used [0x00000007bc400000,0x00000007bc400000,0x00000007bfe00000)
  from space 1024K, 100% used [0x00000007bff00000,0x00000007c0000000,0x00000007c0000000)
  to   space 1024K, 0% used [0x00000007bfe00000,0x00000007bfe00000,0x00000007bff00000)
 ParOldGen       total 171008K, used 52773K [0x0000000700000000, 0x000000070a700000, 0x00000007bc400000)
  object space 171008K, 30% used [0x0000000700000000,0x0000000703389650,0x000000070a700000)
 Metaspace       used 69273K, capacity 69927K, committed 70656K, reserved 1110016K
  class space    used 9498K, capacity 9636K, committed 9728K, reserved 1048576K
}
Event: 1621.631 GC heap before
{Heap before GC invocations=296 (full 107):
 PSYoungGen      total 60416K, used 60416K [0x00000007bc400000, 0x00000007c0000000, 0x00000007c0000000)
  eden space 59392K, 100% used [0x00000007bc400000,0x00000007bfe00000,0x00000007bfe00000)
  from space 1024K, 100% used [0x00000007bff00000,0x00000007c0000000,0x00000007c0000000)
  to   space 1024K, 0% used [0x00000007bfe00000,0x00000007bfe00000,0x00000007bff00000)
 ParOldGen       total 171008K, used 52773K [0x0000000700000000, 0x000000070a700000, 0x00000007bc400000)
  object space 171008K, 30% used [0x0000000700000000,0x0000000703389650,0x000000070a700000)
 Metaspace       used 69289K, capacity 69927K, committed 70656K, reserved 1110016K
  class space    used 9498K, capacity 9636K, committed 9728K, reserved 1048576K
Event: 1621.634 GC heap after
Heap after GC invocations=296 (full 107):
 PSYoungGen      total 60416K, used 1010K [0x00000007bc400000, 0x00000007c0000000, 0x00000007c0000000)
  eden space 59392K, 0% used [0x00000007bc400000,0x00000007bc400000,0x00000007bfe00000)
  from space 1024K, 98% used [0x00000007bfe00000,0x00000007bfefc858,0x00000007bff00000)
  to   space 1024K, 0% used [0x00000007bff00000,0x00000007bff00000,0x00000007c0000000)
 ParOldGen       total 171008K, used 53487K [0x0000000700000000, 0x000000070a700000, 0x00000007bc400000)
  object space 171008K, 31% used [0x0000000700000000,0x000000070343bed0,0x000000070a700000)
 Metaspace       used 69289K, capacity 69927K, committed 70656K, reserved 1110016K
  class space    used 9498K, capacity 9636K, committed 9728K, reserved 1048576K
}
Event: 1627.294 GC heap before
{Heap before GC invocations=297 (full 107):
 PSYoungGen      total 60416K, used 60402K [0x00000007bc400000, 0x00000007c0000000, 0x00000007c0000000)
  eden space 59392K, 100% used [0x00000007bc400000,0x00000007bfe00000,0x00000007bfe00000)
  from space 1024K, 98% used [0x00000007bfe00000,0x00000007bfefc858,0x00000007bff00000)
  to   space 1024K, 0% used [0x00000007bff00000,0x00000007bff00000,0x00000007c0000000)
 ParOldGen       total 171008K, used 53487K [0x0000000700000000, 0x000000070a700000, 0x00000007bc400000)
  object space 171008K, 31% used [0x0000000700000000,0x000000070343bed0,0x000000070a700000)
 Metaspace       used 69311K, capacity 69991K, committed 70656K, reserved 1110016K
  class space    used 9498K, capacity 9636K, committed 9728K, reserved 1048576K
Event: 1627.299 GC heap after
Heap after GC invocations=297 (full 107):
 PSYoungGen      total 57344K, used 1016K [0x00000007bc400000, 0x00000007c0000000, 0x00000007c0000000)
  eden space 56320K, 0% used [0x00000007bc400000,0x00000007bc400000,0x00000007bfb00000)
  from space 1024K, 99% used [0x00000007bff00000,0x00000007bfffe370,0x00000007c0000000)
  to   space 2560K, 0% used [0x00000007bfb00000,0x00000007bfb00000,0x00000007bfd80000)
 ParOldGen       total 171008K, used 55909K [0x0000000700000000, 0x000000070a700000, 0x00000007bc400000)
  object space 171008K, 32% used [0x0000000700000000,0x0000000703699560,0x000000070a700000)
 Metaspace       used 69311K, capacity 69991K, committed 70656K, reserved 1110016K
  class space    used 9498K, capacity 9636K, committed 9728K, reserved 1048576K
}

